# JRE version: Java(TM) SE Runtime Environment (17.0.11+7) (build 17.0.11+7-LTS-207)
# Java VM: Java HotSpot(TM) 64-Bit Server VM (17.0.11+7-LTS-207, mixed mode, sharing, tiered, compressed oops, compressed class ptrs, g1 gc, windows-amd64)
GC Precious Log:
 CPUs: 4 total, 4 available
 Memory: 8067M
 Large Page Support: Disabled
 NUMA Support: Disabled
 Compressed Oops: Enabled (32-bit)
 Heap Region Size: 1M
 Heap Min Capacity: 8M
 Heap Initial Capacity: 128M
 Heap Max Capacity: 2018M
 Pre-touch: Disabled
 Parallel Workers: 4
 Concurrent Workers: 1
 Concurrent Refinement Workers: 4
 Periodic GC: Disabled
Heap:
 garbage-first heap   total 61440K, used 41389K [0x0000000081e00000, 0x0000000100000000)
  region size 1024K, 20 young (20480K), 1 survivors (1024K)
 Metaspace       used 44982K, committed 45440K, reserved 1114112K
  class space    used 6156K, committed 6400K, reserved 1048576K
GC Heap History (20 events):
Event: 1.656 GC heap before
{Heap before GC invocations=1 (full 0):
 garbage-first heap   total 131072K, used 17156K [0x0000000081e00000, 0x0000000100000000)
  region size 1024K, 10 young (10240K), 2 survivors (2048K)
 Metaspace       used 3928K, committed 4160K, reserved 1114112K
  class space    used 439K, committed 576K, reserved 1048576K
}
Event: 1.661 GC heap after
{Heap after GC invocations=2 (full 0):
 garbage-first heap   total 131072K, used 9840K [0x0000000081e00000, 0x0000000100000000)
  region size 1024K, 1 young (1024K), 1 survivors (1024K)
 Metaspace       used 3928K, committed 4160K, reserved 1114112K
  class space    used 439K, committed 576K, reserved 1048576K
}
Event: 2.850 GC heap before
{Heap before GC invocations=2 (full 0):
 garbage-first heap   total 131072K, used 29296K [0x0000000081e00000, 0x0000000100000000)
  region size 1024K, 20 young (20480K), 1 survivors (1024K)
 Metaspace       used 8922K, committed 9088K, reserved 1114112K
  class space    used 1098K, committed 1152K, reserved 1048576K
}
Event: 2.856 GC heap after
{Heap after GC invocations=3 (full 0):
 garbage-first heap   total 131072K, used 11124K [0x0000000081e00000, 0x0000000100000000)
  region size 1024K, 3 young (3072K), 3 survivors (3072K)
 Metaspace       used 8922K, committed 9088K, reserved 1114112K
  class space    used 1098K, committed 1152K, reserved 1048576K
}
Event: 6.257 GC heap before
{Heap before GC invocations=3 (full 0):
 garbage-first heap   total 131072K, used 69492K [0x0000000081e00000, 0x0000000100000000)
  region size 1024K, 62 young (63488K), 3 survivors (3072K)
 Metaspace       used 21228K, committed 21504K, reserved 1114112K
  class space    used 2725K, committed 2880K, reserved 1048576K
}
Event: 6.274 GC heap after
{Heap after GC invocations=4 (full 0):
 garbage-first heap   total 131072K, used 15576K [0x0000000081e00000, 0x0000000100000000)
  region size 1024K, 7 young (7168K), 7 survivors (7168K)
 Metaspace       used 21228K, committed 21504K, reserved 1114112K
  class space    used 2725K, committed 2880K, reserved 1048576K
}
Event: 8.100 GC heap before
{Heap before GC invocations=5 (full 0):
 garbage-first heap   total 61440K, used 44248K [0x0000000081e00000, 0x0000000100000000)
  region size 1024K, 36 young (36864K), 7 survivors (7168K)
 Metaspace       used 23629K, committed 23936K, reserved 1114112K
  class space    used 3013K, committed 3136K, reserved 1048576K
}
Event: 8.115 GC heap after
{Heap after GC invocations=6 (full 0):
 garbage-first heap   total 61440K, used 17295K [0x0000000081e00000, 0x0000000100000000)
  region size 1024K, 3 young (3072K), 3 survivors (3072K)
 Metaspace       used 23629K, committed 23936K, reserved 1114112K
  class space    used 3013K, committed 3136K, reserved 1048576K
}
Event: 8.158 GC heap before
{Heap before GC invocations=6 (full 0):
 garbage-first heap   total 61440K, used 18319K [0x0000000081e00000, 0x0000000100000000)
  region size 1024K, 4 young (4096K), 3 survivors (3072K)
 Metaspace       used 23740K, committed 24064K, reserved 1114112K
  class space    used 3032K, committed 3200K, reserved 1048576K
}
Event: 8.167 GC heap after
{Heap after GC invocations=7 (full 0):
 garbage-first heap   total 61440K, used 17781K [0x0000000081e00000, 0x0000000100000000)
  region size 1024K, 1 young (1024K), 1 survivors (1024K)
 Metaspace       used 23740K, committed 24064K, reserved 1114112K
  class space    used 3032K, committed 3200K, reserved 1048576K
}
Event: 9.454 GC heap before
{Heap before GC invocations=7 (full 0):
 garbage-first heap   total 61440K, used 41333K [0x0000000081e00000, 0x0000000100000000)
  region size 1024K, 24 young (24576K), 1 survivors (1024K)
 Metaspace       used 27192K, committed 27520K, reserved 1114112K
  class space    used 3612K, committed 3776K, reserved 1048576K
}
Event: 9.462 GC heap after
{Heap after GC invocations=8 (full 0):
 garbage-first heap   total 61440K, used 18521K [0x0000000081e00000, 0x0000000100000000)
  region size 1024K, 2 young (2048K), 2 survivors (2048K)
 Metaspace       used 27192K, committed 27520K, reserved 1114112K
  class space    used 3612K, committed 3776K, reserved 1048576K
}
Event: 10.446 GC heap before
{Heap before GC invocations=8 (full 0):
 garbage-first heap   total 61440K, used 44121K [0x0000000081e00000, 0x0000000100000000)
  region size 1024K, 27 young (27648K), 2 survivors (2048K)
 Metaspace       used 30991K, committed 31360K, reserved 1114112K
  class space    used 4176K, committed 4352K, reserved 1048576K
}
Event: 10.458 GC heap after
{Heap after GC invocations=9 (full 0):
 garbage-first heap   total 61440K, used 20727K [0x0000000081e00000, 0x0000000100000000)
  region size 1024K, 4 young (4096K), 4 survivors (4096K)
 Metaspace       used 30991K, committed 31360K, reserved 1114112K
  class space    used 4176K, committed 4352K, reserved 1048576K
}
Event: 11.120 GC heap before
{Heap before GC invocations=9 (full 0):
 garbage-first heap   total 61440K, used 36087K [0x0000000081e00000, 0x0000000100000000)
  region size 1024K, 21 young (21504K), 4 survivors (4096K)
 Metaspace       used 35581K, committed 35968K, reserved 1114112K
  class space    used 4669K, committed 4864K, reserved 1048576K
}
Event: 11.136 GC heap after
{Heap after GC invocations=10 (full 0):
 garbage-first heap   total 61440K, used 22467K [0x0000000081e00000, 0x0000000100000000)
  region size 1024K, 2 young (2048K), 2 survivors (2048K)
 Metaspace       used 35581K, committed 35968K, reserved 1114112K
  class space    used 4669K, committed 4864K, reserved 1048576K
}
Event: 12.166 GC heap before
{Heap before GC invocations=11 (full 0):
 garbage-first heap   total 61440K, used 46019K [0x0000000081e00000, 0x0000000100000000)
  region size 1024K, 25 young (25600K), 2 survivors (2048K)
 Metaspace       used 40625K, committed 41088K, reserved 1114112K
  class space    used 5497K, committed 5696K, reserved 1048576K
}
Event: 12.172 GC heap after
{Heap after GC invocations=12 (full 0):
 garbage-first heap   total 61440K, used 22872K [0x0000000081e00000, 0x0000000100000000)
  region size 1024K, 3 young (3072K), 3 survivors (3072K)
 Metaspace       used 40625K, committed 41088K, reserved 1114112K
  class space    used 5497K, committed 5696K, reserved 1048576K
}
Event: 12.216 GC heap before
{Heap before GC invocations=12 (full 0):
 garbage-first heap   total 61440K, used 23896K [0x0000000081e00000, 0x0000000100000000)
  region size 1024K, 4 young (4096K), 3 survivors (3072K)
 Metaspace       used 40845K, committed 41280K, reserved 1114112K
  class space    used 5549K, committed 5760K, reserved 1048576K
}
Event: 12.225 GC heap after
{Heap after GC invocations=13 (full 0):
 garbage-first heap   total 61440K, used 22957K [0x0000000081e00000, 0x0000000100000000)
  region size 1024K, 1 young (1024K), 1 survivors (1024K)
 Metaspace       used 40845K, committed 41280K, reserved 1114112K
  class space    used 5549K, committed 5760K, reserved 1048576K
}

