# JRE version: Java(TM) SE Runtime Environment (17.0.11+7) (build 17.0.11+7-LTS-207)
# Java VM: Java HotSpot(TM) 64-Bit Server VM (17.0.11+7-LTS-207, mixed mode, sharing, tiered, compressed oops, compressed class ptrs, g1 gc, windows-amd64)
GC Precious Log:
 CPUs: 4 total, 4 available
 Memory: 8067M
 Large Page Support: Disabled
 NUMA Support: Disabled
 Compressed Oops: Enabled (32-bit)
 Heap Region Size: 1M
 Heap Min Capacity: 8M
 Heap Initial Capacity: 128M
 Heap Max Capacity: 2018M
 Pre-touch: Disabled
 Parallel Workers: 4
 Concurrent Workers: 1
 Concurrent Refinement Workers: 4
 Periodic GC: Disabled
Heap:
 garbage-first heap   total 61440K, used 47884K [0x0000000081e00000, 0x0000000100000000)
  region size 1024K, 17 young (17408K), 3 survivors (3072K)
 Metaspace       used 70120K, committed 70656K, reserved 1114112K
  class space    used 9824K, committed 10048K, reserved 1048576K
GC Heap History (20 events):
Event: 13.060 GC heap before
{Heap before GC invocations=7 (full 0):
 garbage-first heap   total 61440K, used 44035K [0x0000000081e00000, 0x0000000100000000)
  region size 1024K, 26 young (26624K), 2 survivors (2048K)
 Metaspace       used 31352K, committed 31744K, reserved 1114112K
  class space    used 4200K, committed 4352K, reserved 1048576K
}
Event: 13.073 GC heap after
{Heap after GC invocations=8 (full 0):
 garbage-first heap   total 61440K, used 21400K [0x0000000081e00000, 0x0000000100000000)
  region size 1024K, 4 young (4096K), 4 survivors (4096K)
 Metaspace       used 31352K, committed 31744K, reserved 1114112K
  class space    used 4200K, committed 4352K, reserved 1048576K
}
Event: 13.986 GC heap before
{Heap before GC invocations=8 (full 0):
 garbage-first heap   total 61440K, used 34712K [0x0000000081e00000, 0x0000000100000000)
  region size 1024K, 19 young (19456K), 4 survivors (4096K)
 Metaspace       used 35598K, committed 35968K, reserved 1114112K
  class space    used 4666K, committed 4864K, reserved 1048576K
}
Event: 14.002 GC heap after
{Heap after GC invocations=9 (full 0):
 garbage-first heap   total 61440K, used 22864K [0x0000000081e00000, 0x0000000100000000)
  region size 1024K, 2 young (2048K), 2 survivors (2048K)
 Metaspace       used 35598K, committed 35968K, reserved 1114112K
  class space    used 4666K, committed 4864K, reserved 1048576K
}
Event: 16.246 GC heap before
{Heap before GC invocations=10 (full 0):
 garbage-first heap   total 61440K, used 45392K [0x0000000081e00000, 0x0000000100000000)
  region size 1024K, 25 young (25600K), 2 survivors (2048K)
 Metaspace       used 40734K, committed 41216K, reserved 1114112K
  class space    used 5511K, committed 5760K, reserved 1048576K
}
Event: 16.254 GC heap after
{Heap after GC invocations=11 (full 0):
 garbage-first heap   total 61440K, used 23433K [0x0000000081e00000, 0x0000000100000000)
  region size 1024K, 3 young (3072K), 3 survivors (3072K)
 Metaspace       used 40734K, committed 41216K, reserved 1114112K
  class space    used 5511K, committed 5760K, reserved 1048576K
}
Event: 17.813 GC heap before
{Heap before GC invocations=11 (full 0):
 garbage-first heap   total 61440K, used 45961K [0x0000000081e00000, 0x0000000100000000)
  region size 1024K, 26 young (26624K), 3 survivors (3072K)
 Metaspace       used 45834K, committed 46272K, reserved 1114112K
  class space    used 6258K, committed 6464K, reserved 1048576K
}
Event: 17.821 GC heap after
{Heap after GC invocations=12 (full 0):
 garbage-first heap   total 61440K, used 24829K [0x0000000081e00000, 0x0000000100000000)
  region size 1024K, 3 young (3072K), 3 survivors (3072K)
 Metaspace       used 45834K, committed 46272K, reserved 1114112K
  class space    used 6258K, committed 6464K, reserved 1048576K
}
Event: 18.901 GC heap before
{Heap before GC invocations=12 (full 0):
 garbage-first heap   total 61440K, used 46333K [0x0000000081e00000, 0x0000000100000000)
  region size 1024K, 25 young (25600K), 3 survivors (3072K)
 Metaspace       used 52199K, committed 52672K, reserved 1114112K
  class space    used 7314K, committed 7552K, reserved 1048576K
}
Event: 18.911 GC heap after
{Heap after GC invocations=13 (full 0):
 garbage-first heap   total 61440K, used 25555K [0x0000000081e00000, 0x0000000100000000)
  region size 1024K, 2 young (2048K), 2 survivors (2048K)
 Metaspace       used 52199K, committed 52672K, reserved 1114112K
  class space    used 7314K, committed 7552K, reserved 1048576K
}
Event: 20.013 GC heap before
{Heap before GC invocations=13 (full 0):
 garbage-first heap   total 61440K, used 48083K [0x0000000081e00000, 0x0000000100000000)
  region size 1024K, 25 young (25600K), 2 survivors (2048K)
 Metaspace       used 57356K, committed 57920K, reserved 1114112K
  class space    used 7999K, committed 8256K, reserved 1048576K
}
Event: 20.028 GC heap after
{Heap after GC invocations=14 (full 0):
 garbage-first heap   total 61440K, used 27218K [0x0000000081e00000, 0x0000000100000000)
  region size 1024K, 4 young (4096K), 4 survivors (4096K)
 Metaspace       used 57356K, committed 57920K, reserved 1114112K
  class space    used 7999K, committed 8256K, reserved 1048576K
}
Event: 20.767 GC heap before
{Heap before GC invocations=14 (full 0):
 garbage-first heap   total 61440K, used 43602K [0x0000000081e00000, 0x0000000100000000)
  region size 1024K, 21 young (21504K), 4 survivors (4096K)
 Metaspace       used 59737K, committed 60160K, reserved 1114112K
  class space    used 8359K, committed 8576K, reserved 1048576K
}
Event: 20.782 GC heap after
{Heap after GC invocations=15 (full 0):
 garbage-first heap   total 61440K, used 29054K [0x0000000081e00000, 0x0000000100000000)
  region size 1024K, 4 young (4096K), 4 survivors (4096K)
 Metaspace       used 59737K, committed 60160K, reserved 1114112K
  class space    used 8359K, committed 8576K, reserved 1048576K
}
Event: 21.513 GC heap before
{Heap before GC invocations=16 (full 0):
 garbage-first heap   total 61440K, used 48510K [0x0000000081e00000, 0x0000000100000000)
  region size 1024K, 23 young (23552K), 4 survivors (4096K)
 Metaspace       used 61589K, committed 62080K, reserved 1114112K
  class space    used 8663K, committed 8896K, reserved 1048576K
}
Event: 21.530 GC heap after
{Heap after GC invocations=17 (full 0):
 garbage-first heap   total 61440K, used 31127K [0x0000000081e00000, 0x0000000100000000)
  region size 1024K, 3 young (3072K), 3 survivors (3072K)
 Metaspace       used 61589K, committed 62080K, reserved 1114112K
  class space    used 8663K, committed 8896K, reserved 1048576K
}
Event: 22.873 GC heap before
{Heap before GC invocations=17 (full 0):
 garbage-first heap   total 61440K, used 48535K [0x0000000081e00000, 0x0000000100000000)
  region size 1024K, 20 young (20480K), 3 survivors (3072K)
 Metaspace       used 62952K, committed 63424K, reserved 1114112K
  class space    used 8874K, committed 9088K, reserved 1048576K
}
Event: 22.885 GC heap after
{Heap after GC invocations=18 (full 0):
 garbage-first heap   total 61440K, used 32265K [0x0000000081e00000, 0x0000000100000000)
  region size 1024K, 2 young (2048K), 2 survivors (2048K)
 Metaspace       used 62952K, committed 63424K, reserved 1114112K
  class space    used 8874K, committed 9088K, reserved 1048576K
}
Event: 23.690 GC heap before
{Heap before GC invocations=19 (full 0):
 garbage-first heap   total 61440K, used 48649K [0x0000000081e00000, 0x0000000100000000)
  region size 1024K, 18 young (18432K), 2 survivors (2048K)
 Metaspace       used 66789K, committed 67264K, reserved 1114112K
  class space    used 9382K, committed 9600K, reserved 1048576K
}
Event: 23.703 GC heap after
{Heap after GC invocations=20 (full 0):
 garbage-first heap   total 61440K, used 34572K [0x0000000081e00000, 0x0000000100000000)
  region size 1024K, 3 young (3072K), 3 survivors (3072K)
 Metaspace       used 66789K, committed 67264K, reserved 1114112K
  class space    used 9382K, committed 9600K, reserved 1048576K
}

