# JRE version: Java(TM) SE Runtime Environment (17.0.11+7) (build 17.0.11+7-LTS-207)
# Java VM: Java HotSpot(TM) 64-Bit Server VM (17.0.11+7-LTS-207, mixed mode, sharing, tiered, compressed oops, compressed class ptrs, g1 gc, windows-amd64)
GC Precious Log:
 CPUs: 4 total, 4 available
 Memory: 8067M
 Large Page Support: Disabled
 NUMA Support: Disabled
 Compressed Oops: Enabled (32-bit)
 Heap Region Size: 1M
 Heap Min Capacity: 8M
 Heap Initial Capacity: 128M
 Heap Max Capacity: 2018M
 Pre-touch: Disabled
 Parallel Workers: 4
 Concurrent Workers: 1
 Concurrent Refinement Workers: 4
 Periodic GC: Disabled
Heap:
 garbage-first heap   total 61440K, used 40918K [0x0000000081e00000, 0x0000000100000000)
  region size 1024K, 11 young (11264K), 3 survivors (3072K)
 Metaspace       used 70373K, committed 70848K, reserved 1114112K
  class space    used 9851K, committed 10048K, reserved 1048576K
GC Heap History (20 events):
Event: 20.005 GC heap before
{Heap before GC invocations=12 (full 0):
 garbage-first heap   total 61440K, used 23777K [0x0000000081e00000, 0x0000000100000000)
  region size 1024K, 3 young (3072K), 2 survivors (2048K)
 Metaspace       used 40340K, committed 40832K, reserved 1114112K
  class space    used 5448K, committed 5696K, reserved 1048576K
}
Event: 20.014 GC heap after
{Heap after GC invocations=13 (full 0):
 garbage-first heap   total 61440K, used 22785K [0x0000000081e00000, 0x0000000100000000)
  region size 1024K, 1 young (1024K), 1 survivors (1024K)
 Metaspace       used 40340K, committed 40832K, reserved 1114112K
  class space    used 5448K, committed 5696K, reserved 1048576K
}
Event: 21.340 GC heap before
{Heap before GC invocations=13 (full 0):
 garbage-first heap   total 61440K, used 43265K [0x0000000081e00000, 0x0000000100000000)
  region size 1024K, 22 young (22528K), 1 survivors (1024K)
 Metaspace       used 45016K, committed 45440K, reserved 1114112K
  class space    used 6161K, committed 6400K, reserved 1048576K
}
Event: 21.347 GC heap after
{Heap after GC invocations=14 (full 0):
 garbage-first heap   total 61440K, used 23523K [0x0000000081e00000, 0x0000000100000000)
  region size 1024K, 2 young (2048K), 2 survivors (2048K)
 Metaspace       used 45016K, committed 45440K, reserved 1114112K
  class space    used 6161K, committed 6400K, reserved 1048576K
}
Event: 22.729 GC heap before
{Heap before GC invocations=14 (full 0):
 garbage-first heap   total 61440K, used 44003K [0x0000000081e00000, 0x0000000100000000)
  region size 1024K, 23 young (23552K), 2 survivors (2048K)
 Metaspace       used 51009K, committed 51456K, reserved 1114112K
  class space    used 7098K, committed 7296K, reserved 1048576K
}
Event: 22.736 GC heap after
{Heap after GC invocations=15 (full 0):
 garbage-first heap   total 61440K, used 24261K [0x0000000081e00000, 0x0000000100000000)
  region size 1024K, 2 young (2048K), 2 survivors (2048K)
 Metaspace       used 51009K, committed 51456K, reserved 1114112K
  class space    used 7098K, committed 7296K, reserved 1048576K
}
Event: 24.351 GC heap before
{Heap before GC invocations=15 (full 0):
 garbage-first heap   total 61440K, used 45765K [0x0000000081e00000, 0x0000000100000000)
  region size 1024K, 24 young (24576K), 2 survivors (2048K)
 Metaspace       used 55859K, committed 56320K, reserved 1114112K
  class space    used 7836K, committed 8064K, reserved 1048576K
}
Event: 24.363 GC heap after
{Heap after GC invocations=16 (full 0):
 garbage-first heap   total 61440K, used 25501K [0x0000000081e00000, 0x0000000100000000)
  region size 1024K, 2 young (2048K), 2 survivors (2048K)
 Metaspace       used 55859K, committed 56320K, reserved 1114112K
  class space    used 7836K, committed 8064K, reserved 1048576K
}
Event: 28.212 GC heap before
{Heap before GC invocations=16 (full 0):
 garbage-first heap   total 61440K, used 48029K [0x0000000081e00000, 0x0000000100000000)
  region size 1024K, 24 young (24576K), 2 survivors (2048K)
 Metaspace       used 59316K, committed 59776K, reserved 1114112K
  class space    used 8318K, committed 8512K, reserved 1048576K
}
Event: 28.226 GC heap after
{Heap after GC invocations=17 (full 0):
 garbage-first heap   total 61440K, used 27600K [0x0000000081e00000, 0x0000000100000000)
  region size 1024K, 3 young (3072K), 3 survivors (3072K)
 Metaspace       used 59316K, committed 59776K, reserved 1114112K
  class space    used 8318K, committed 8512K, reserved 1048576K
}
Event: 28.481 GC heap before
{Heap before GC invocations=17 (full 0):
 garbage-first heap   total 61440K, used 31696K [0x0000000081e00000, 0x0000000100000000)
  region size 1024K, 8 young (8192K), 3 survivors (3072K)
 Metaspace       used 60020K, committed 60480K, reserved 1114112K
  class space    used 8395K, committed 8640K, reserved 1048576K
}
Event: 28.494 GC heap after
{Heap after GC invocations=18 (full 0):
 garbage-first heap   total 61440K, used 28201K [0x0000000081e00000, 0x0000000100000000)
  region size 1024K, 1 young (1024K), 1 survivors (1024K)
 Metaspace       used 60020K, committed 60480K, reserved 1114112K
  class space    used 8395K, committed 8640K, reserved 1048576K
}
Event: 29.753 GC heap before
{Heap before GC invocations=19 (full 0):
 garbage-first heap   total 61440K, used 48681K [0x0000000081e00000, 0x0000000100000000)
  region size 1024K, 21 young (21504K), 1 survivors (1024K)
 Metaspace       used 62095K, committed 62528K, reserved 1114112K
  class space    used 8748K, committed 8960K, reserved 1048576K
}
Event: 29.762 GC heap after
{Heap after GC invocations=20 (full 0):
 garbage-first heap   total 61440K, used 29845K [0x0000000081e00000, 0x0000000100000000)
  region size 1024K, 3 young (3072K), 3 survivors (3072K)
 Metaspace       used 62095K, committed 62528K, reserved 1114112K
  class space    used 8748K, committed 8960K, reserved 1048576K
}
Event: 29.802 GC heap before
{Heap before GC invocations=20 (full 0):
 garbage-first heap   total 61440K, used 30869K [0x0000000081e00000, 0x0000000100000000)
  region size 1024K, 4 young (4096K), 3 survivors (3072K)
 Metaspace       used 62145K, committed 62592K, reserved 1114112K
  class space    used 8754K, committed 8960K, reserved 1048576K
}
Event: 29.814 GC heap after
{Heap after GC invocations=21 (full 0):
 garbage-first heap   total 61440K, used 29950K [0x0000000081e00000, 0x0000000100000000)
  region size 1024K, 1 young (1024K), 1 survivors (1024K)
 Metaspace       used 62145K, committed 62592K, reserved 1114112K
  class space    used 8754K, committed 8960K, reserved 1048576K
}
Event: 33.418 GC heap before
{Heap before GC invocations=21 (full 0):
 garbage-first heap   total 61440K, used 49406K [0x0000000081e00000, 0x0000000100000000)
  region size 1024K, 20 young (20480K), 1 survivors (1024K)
 Metaspace       used 65279K, committed 65792K, reserved 1114112K
  class space    used 9146K, committed 9408K, reserved 1048576K
}
Event: 33.428 GC heap after
{Heap after GC invocations=22 (full 0):
 garbage-first heap   total 61440K, used 31232K [0x0000000081e00000, 0x0000000100000000)
  region size 1024K, 2 young (2048K), 2 survivors (2048K)
 Metaspace       used 65279K, committed 65792K, reserved 1114112K
  class space    used 9146K, committed 9408K, reserved 1048576K
}
Event: 34.896 GC heap before
{Heap before GC invocations=23 (full 0):
 garbage-first heap   total 61440K, used 49664K [0x0000000081e00000, 0x0000000100000000)
  region size 1024K, 20 young (20480K), 2 survivors (2048K)
 Metaspace       used 68418K, committed 68928K, reserved 1114112K
  class space    used 9591K, committed 9792K, reserved 1048576K
}
Event: 34.912 GC heap after
{Heap after GC invocations=24 (full 0):
 garbage-first heap   total 61440K, used 33750K [0x0000000081e00000, 0x0000000100000000)
  region size 1024K, 3 young (3072K), 3 survivors (3072K)
 Metaspace       used 68418K, committed 68928K, reserved 1114112K
  class space    used 9591K, committed 9792K, reserved 1048576K
}

